2024-06-21 10:57:12,980 INFO: Fonction de la conversion du texte en vocale [in C:\Users\HP\Desktop\DOSSIER_TRAVAIL\PROJETS\S2Q\speaker\app\app.py:50]
2024-06-21 10:57:12,986 INFO: textFR : Ticket numero 900222 veuillez vous rendre au guichet numero 900222 [in C:\Users\HP\Desktop\DOSSIER_TRAVAIL\PROJETS\S2Q\speaker\app\app.py:51]
2024-06-21 10:57:12,986 INFO: textEN :  [in C:\Users\HP\Desktop\DOSSIER_TRAVAIL\PROJETS\S2Q\speaker\app\app.py:52]
2024-06-21 10:57:12,990 INFO: TicketNum : 900222 [in C:\Users\HP\Desktop\DOSSIER_TRAVAIL\PROJETS\S2Q\speaker\app\app.py:53]
2024-06-21 10:57:12,990 INFO: path : AUDIO/07112023ffccccc [in C:\Users\HP\Desktop\DOSSIER_TRAVAIL\PROJETS\S2Q\speaker\app\app.py:54]
2024-06-21 10:57:12,991 INFO: address : 160.155.220.179 [in C:\Users\HP\Desktop\DOSSIER_TRAVAIL\PROJETS\S2Q\speaker\app\app.py:55]
2024-06-21 10:57:12,992 INFO: pathRacine : C:/xampp/htdocs [in C:\Users\HP\Desktop\DOSSIER_TRAVAIL\PROJETS\S2Q\speaker\app\app.py:56]
2024-06-21 10:57:12,992 INFO: c.address : 160.155.220.179 [in C:\Users\HP\Desktop\DOSSIER_TRAVAIL\PROJETS\S2Q\speaker\app\app.py:57]
2024-06-21 10:57:12,993 INFO: c.PATH_FOLDER : C:/xampp/htdocs/AUDIO/07112023ffccccc [in C:\Users\HP\Desktop\DOSSIER_TRAVAIL\PROJETS\S2Q\speaker\app\app.py:58]
2024-06-21 10:57:13,773 ERROR: Une erreur s'est produite, veuillez contacter l'administrateur! 
too many values to unpack (expected 2) [in C:\Users\HP\Desktop\DOSSIER_TRAVAIL\PROJETS\S2Q\speaker\app\app.py:76]
2024-06-21 10:59:17,975 INFO: Fonction de la conversion du texte en vocale [in C:\Users\HP\Desktop\DOSSIER_TRAVAIL\PROJETS\S2Q\speaker\app\app.py:50]
2024-06-21 10:59:17,976 INFO: textFR : Ticket numero 900222 veuillez vous rendre au guichet numero 900222 [in C:\Users\HP\Desktop\DOSSIER_TRAVAIL\PROJETS\S2Q\speaker\app\app.py:51]
2024-06-21 10:59:17,977 INFO: textEN :  [in C:\Users\HP\Desktop\DOSSIER_TRAVAIL\PROJETS\S2Q\speaker\app\app.py:52]
2024-06-21 10:59:17,978 INFO: TicketNum : 900222 [in C:\Users\HP\Desktop\DOSSIER_TRAVAIL\PROJETS\S2Q\speaker\app\app.py:53]
2024-06-21 10:59:17,979 INFO: path : AUDIO/07112023ffccccc [in C:\Users\HP\Desktop\DOSSIER_TRAVAIL\PROJETS\S2Q\speaker\app\app.py:54]
2024-06-21 10:59:17,979 INFO: address : 160.155.220.179 [in C:\Users\HP\Desktop\DOSSIER_TRAVAIL\PROJETS\S2Q\speaker\app\app.py:55]
2024-06-21 10:59:17,980 INFO: pathRacine : C:/xampp/htdocs [in C:\Users\HP\Desktop\DOSSIER_TRAVAIL\PROJETS\S2Q\speaker\app\app.py:56]
2024-06-21 10:59:17,981 INFO: c.address : 160.155.220.179 [in C:\Users\HP\Desktop\DOSSIER_TRAVAIL\PROJETS\S2Q\speaker\app\app.py:57]
2024-06-21 10:59:17,981 INFO: c.PATH_FOLDER : C:/xampp/htdocs/AUDIO/07112023ffccccc [in C:\Users\HP\Desktop\DOSSIER_TRAVAIL\PROJETS\S2Q\speaker\app\app.py:58]
2024-06-21 10:59:18,397 INFO: Succès de la conversion du texte en voie [in C:\Users\HP\Desktop\DOSSIER_TRAVAIL\PROJETS\S2Q\speaker\app\app.py:83]
2024-06-21 10:59:41,030 INFO: Fonction de la conversion du texte en vocale [in C:\Users\HP\Desktop\DOSSIER_TRAVAIL\PROJETS\S2Q\speaker\app\app.py:50]
2024-06-21 10:59:41,030 INFO: textFR : Ticket numero 900222 veuillez vous rendre au guichet numero 900222 [in C:\Users\HP\Desktop\DOSSIER_TRAVAIL\PROJETS\S2Q\speaker\app\app.py:51]
2024-06-21 10:59:41,031 INFO: textEN :  [in C:\Users\HP\Desktop\DOSSIER_TRAVAIL\PROJETS\S2Q\speaker\app\app.py:52]
2024-06-21 10:59:41,031 INFO: TicketNum : 900222 [in C:\Users\HP\Desktop\DOSSIER_TRAVAIL\PROJETS\S2Q\speaker\app\app.py:53]
2024-06-21 10:59:41,032 INFO: path : AUDIO/07112023ffccccc [in C:\Users\HP\Desktop\DOSSIER_TRAVAIL\PROJETS\S2Q\speaker\app\app.py:54]
2024-06-21 10:59:41,032 INFO: address : 160.155.220.179 [in C:\Users\HP\Desktop\DOSSIER_TRAVAIL\PROJETS\S2Q\speaker\app\app.py:55]
2024-06-21 10:59:41,034 INFO: pathRacine : C:/xampp/htdocs [in C:\Users\HP\Desktop\DOSSIER_TRAVAIL\PROJETS\S2Q\speaker\app\app.py:56]
2024-06-21 10:59:41,035 INFO: c.address : 160.155.220.179 [in C:\Users\HP\Desktop\DOSSIER_TRAVAIL\PROJETS\S2Q\speaker\app\app.py:57]
2024-06-21 10:59:41,036 INFO: c.PATH_FOLDER : C:/xampp/htdocs/AUDIO/07112023ffccccc [in C:\Users\HP\Desktop\DOSSIER_TRAVAIL\PROJETS\S2Q\speaker\app\app.py:58]
2024-06-21 10:59:41,474 INFO: Succès de la conversion du texte en voie [in C:\Users\HP\Desktop\DOSSIER_TRAVAIL\PROJETS\S2Q\speaker\app\app.py:83]
2024-06-21 11:01:38,318 INFO: Fonction de la conversion du texte en vocale [in C:\Users\HP\Desktop\DOSSIER_TRAVAIL\PROJETS\S2Q\speaker\app\app.py:50]
2024-06-21 11:01:38,319 INFO: textFR : Ticket numero 900222 veuillez vous rendre au guichet numero 900222 [in C:\Users\HP\Desktop\DOSSIER_TRAVAIL\PROJETS\S2Q\speaker\app\app.py:51]
2024-06-21 11:01:38,320 INFO: textEN :  [in C:\Users\HP\Desktop\DOSSIER_TRAVAIL\PROJETS\S2Q\speaker\app\app.py:52]
2024-06-21 11:01:38,320 INFO: TicketNum : 900222 [in C:\Users\HP\Desktop\DOSSIER_TRAVAIL\PROJETS\S2Q\speaker\app\app.py:53]
2024-06-21 11:01:38,321 INFO: path : AUDIO/07112023ffccccc [in C:\Users\HP\Desktop\DOSSIER_TRAVAIL\PROJETS\S2Q\speaker\app\app.py:54]
2024-06-21 11:01:38,321 INFO: address : 160.155.220.179 [in C:\Users\HP\Desktop\DOSSIER_TRAVAIL\PROJETS\S2Q\speaker\app\app.py:55]
2024-06-21 11:01:38,322 INFO: pathRacine : C:/xampp/htdocs [in C:\Users\HP\Desktop\DOSSIER_TRAVAIL\PROJETS\S2Q\speaker\app\app.py:56]
2024-06-21 11:01:38,322 INFO: c.address : 160.155.220.179 [in C:\Users\HP\Desktop\DOSSIER_TRAVAIL\PROJETS\S2Q\speaker\app\app.py:57]
2024-06-21 11:01:38,323 INFO: c.PATH_FOLDER : C:/xampp/htdocs/AUDIO/07112023ffccccc [in C:\Users\HP\Desktop\DOSSIER_TRAVAIL\PROJETS\S2Q\speaker\app\app.py:58]
2024-06-21 11:01:38,844 INFO: Succès de la conversion du texte en voie [in C:\Users\HP\Desktop\DOSSIER_TRAVAIL\PROJETS\S2Q\speaker\app\app.py:83]
2024-06-21 11:03:55,193 INFO: Fonction de la conversion du texte en vocale [in C:\Users\HP\Desktop\DOSSIER_TRAVAIL\PROJETS\S2Q\speaker\app\app.py:50]
2024-06-21 11:03:55,194 INFO: textFR : Ticket numero 900222 veuillez vous rendre au guichet numero 900222 [in C:\Users\HP\Desktop\DOSSIER_TRAVAIL\PROJETS\S2Q\speaker\app\app.py:51]
2024-06-21 11:03:55,194 INFO: textEN :  [in C:\Users\HP\Desktop\DOSSIER_TRAVAIL\PROJETS\S2Q\speaker\app\app.py:52]
2024-06-21 11:03:55,195 INFO: TicketNum : 900222 [in C:\Users\HP\Desktop\DOSSIER_TRAVAIL\PROJETS\S2Q\speaker\app\app.py:53]
2024-06-21 11:03:55,195 INFO: path : AUDIO/07112023ffccccc [in C:\Users\HP\Desktop\DOSSIER_TRAVAIL\PROJETS\S2Q\speaker\app\app.py:54]
2024-06-21 11:03:55,196 INFO: address : 160.155.220.179 [in C:\Users\HP\Desktop\DOSSIER_TRAVAIL\PROJETS\S2Q\speaker\app\app.py:55]
2024-06-21 11:03:55,197 INFO: pathRacine : C:/xampp/htdocs [in C:\Users\HP\Desktop\DOSSIER_TRAVAIL\PROJETS\S2Q\speaker\app\app.py:56]
2024-06-21 11:03:55,197 INFO: c.address : 160.155.220.179 [in C:\Users\HP\Desktop\DOSSIER_TRAVAIL\PROJETS\S2Q\speaker\app\app.py:57]
2024-06-21 11:03:55,198 INFO: c.PATH_FOLDER : C:/xampp/htdocs/AUDIO/07112023ffccccc [in C:\Users\HP\Desktop\DOSSIER_TRAVAIL\PROJETS\S2Q\speaker\app\app.py:58]
2024-06-21 11:03:55,627 INFO: Succès de la conversion du texte en voie [in C:\Users\HP\Desktop\DOSSIER_TRAVAIL\PROJETS\S2Q\speaker\app\app.py:83]
2024-06-21 11:08:59,760 INFO: Fonction de la conversion du texte en vocale [in C:\Users\HP\Desktop\DOSSIER_TRAVAIL\PROJETS\S2Q\speaker\app\app.py:50]
2024-06-21 11:08:59,762 INFO: textFR : Ticket numero 900222 veuillez vous rendre au guichet numero 900222 [in C:\Users\HP\Desktop\DOSSIER_TRAVAIL\PROJETS\S2Q\speaker\app\app.py:51]
2024-06-21 11:08:59,763 INFO: textEN :  [in C:\Users\HP\Desktop\DOSSIER_TRAVAIL\PROJETS\S2Q\speaker\app\app.py:52]
2024-06-21 11:08:59,764 INFO: TicketNum : 900222 [in C:\Users\HP\Desktop\DOSSIER_TRAVAIL\PROJETS\S2Q\speaker\app\app.py:53]
2024-06-21 11:08:59,764 INFO: path : AUDIO/07112023ffccccc [in C:\Users\HP\Desktop\DOSSIER_TRAVAIL\PROJETS\S2Q\speaker\app\app.py:54]
2024-06-21 11:08:59,765 INFO: address : 160.155.220.179 [in C:\Users\HP\Desktop\DOSSIER_TRAVAIL\PROJETS\S2Q\speaker\app\app.py:55]
2024-06-21 11:08:59,766 INFO: pathRacine : C:/xampp/htdocs [in C:\Users\HP\Desktop\DOSSIER_TRAVAIL\PROJETS\S2Q\speaker\app\app.py:56]
2024-06-21 11:08:59,766 INFO: c.address : 160.155.220.179 [in C:\Users\HP\Desktop\DOSSIER_TRAVAIL\PROJETS\S2Q\speaker\app\app.py:57]
2024-06-21 11:08:59,767 INFO: c.PATH_FOLDER : C:/xampp/htdocs/AUDIO/07112023ffccccc [in C:\Users\HP\Desktop\DOSSIER_TRAVAIL\PROJETS\S2Q\speaker\app\app.py:58]
2024-06-21 11:09:00,241 INFO: Succès de la conversion du texte en voie [in C:\Users\HP\Desktop\DOSSIER_TRAVAIL\PROJETS\S2Q\speaker\app\app.py:83]
2024-06-21 11:09:31,220 INFO: Fonction de la conversion du texte en vocale [in C:\Users\HP\Desktop\DOSSIER_TRAVAIL\PROJETS\S2Q\speaker\app\app.py:50]
2024-06-21 11:09:31,221 INFO: textFR : Ticket numero 900222 veuillez vous rendre au guichet numero 900222 [in C:\Users\HP\Desktop\DOSSIER_TRAVAIL\PROJETS\S2Q\speaker\app\app.py:51]
2024-06-21 11:09:31,222 INFO: textEN :  [in C:\Users\HP\Desktop\DOSSIER_TRAVAIL\PROJETS\S2Q\speaker\app\app.py:52]
2024-06-21 11:09:31,222 INFO: TicketNum : 900222 [in C:\Users\HP\Desktop\DOSSIER_TRAVAIL\PROJETS\S2Q\speaker\app\app.py:53]
2024-06-21 11:09:31,223 INFO: path : AUDIO/07112023ffccccc [in C:\Users\HP\Desktop\DOSSIER_TRAVAIL\PROJETS\S2Q\speaker\app\app.py:54]
2024-06-21 11:09:31,223 INFO: address : 160.155.220.179 [in C:\Users\HP\Desktop\DOSSIER_TRAVAIL\PROJETS\S2Q\speaker\app\app.py:55]
2024-06-21 11:09:31,224 INFO: pathRacine : C:/xampp/htdocs [in C:\Users\HP\Desktop\DOSSIER_TRAVAIL\PROJETS\S2Q\speaker\app\app.py:56]
2024-06-21 11:09:31,225 INFO: c.address : 160.155.220.179 [in C:\Users\HP\Desktop\DOSSIER_TRAVAIL\PROJETS\S2Q\speaker\app\app.py:57]
2024-06-21 11:09:31,225 INFO: c.PATH_FOLDER : C:/xampp/htdocs/AUDIO/07112023ffccccc [in C:\Users\HP\Desktop\DOSSIER_TRAVAIL\PROJETS\S2Q\speaker\app\app.py:58]
2024-06-21 11:09:31,820 INFO: Succès de la conversion du texte en voie [in C:\Users\HP\Desktop\DOSSIER_TRAVAIL\PROJETS\S2Q\speaker\app\app.py:83]
2024-06-21 11:13:21,544 INFO: Fonction de la conversion du texte en vocale [in C:\Users\HP\Desktop\DOSSIER_TRAVAIL\PROJETS\S2Q\speaker\app\app.py:50]
2024-06-21 11:13:21,545 INFO: textFR : Ticket numero 900222 veuillez vous rendre au guichet numero 900222 [in C:\Users\HP\Desktop\DOSSIER_TRAVAIL\PROJETS\S2Q\speaker\app\app.py:51]
2024-06-21 11:13:21,546 INFO: textEN :  [in C:\Users\HP\Desktop\DOSSIER_TRAVAIL\PROJETS\S2Q\speaker\app\app.py:52]
2024-06-21 11:13:21,547 INFO: TicketNum : 900222 [in C:\Users\HP\Desktop\DOSSIER_TRAVAIL\PROJETS\S2Q\speaker\app\app.py:53]
2024-06-21 11:13:21,547 INFO: path : AUDIO/07112023ffccccc [in C:\Users\HP\Desktop\DOSSIER_TRAVAIL\PROJETS\S2Q\speaker\app\app.py:54]
2024-06-21 11:13:21,548 INFO: address : 160.155.220.179 [in C:\Users\HP\Desktop\DOSSIER_TRAVAIL\PROJETS\S2Q\speaker\app\app.py:55]
2024-06-21 11:13:21,548 INFO: pathRacine : C:/xampp/htdocs [in C:\Users\HP\Desktop\DOSSIER_TRAVAIL\PROJETS\S2Q\speaker\app\app.py:56]
2024-06-21 11:13:21,549 INFO: c.address : 160.155.220.179 [in C:\Users\HP\Desktop\DOSSIER_TRAVAIL\PROJETS\S2Q\speaker\app\app.py:57]
2024-06-21 11:13:21,549 INFO: c.PATH_FOLDER : C:/xampp/htdocs/AUDIO/07112023ffccccc [in C:\Users\HP\Desktop\DOSSIER_TRAVAIL\PROJETS\S2Q\speaker\app\app.py:58]
2024-06-21 11:13:25,577 ERROR: Une erreur s'est produite, veuillez contacter l'administrateur! 
cannot unpack non-iterable NoneType object [in C:\Users\HP\Desktop\DOSSIER_TRAVAIL\PROJETS\S2Q\speaker\app\app.py:76]
2024-06-21 11:13:43,686 INFO: Fonction de la conversion du texte en vocale [in C:\Users\HP\Desktop\DOSSIER_TRAVAIL\PROJETS\S2Q\speaker\app\app.py:50]
2024-06-21 11:13:43,687 INFO: textFR : Ticket numero 900222 veuillez vous rendre au guichet numero 900222 [in C:\Users\HP\Desktop\DOSSIER_TRAVAIL\PROJETS\S2Q\speaker\app\app.py:51]
2024-06-21 11:13:43,688 INFO: textEN :  [in C:\Users\HP\Desktop\DOSSIER_TRAVAIL\PROJETS\S2Q\speaker\app\app.py:52]
2024-06-21 11:13:43,689 INFO: TicketNum : 900222 [in C:\Users\HP\Desktop\DOSSIER_TRAVAIL\PROJETS\S2Q\speaker\app\app.py:53]
2024-06-21 11:13:43,689 INFO: path : AUDIO/07112023ffccccc [in C:\Users\HP\Desktop\DOSSIER_TRAVAIL\PROJETS\S2Q\speaker\app\app.py:54]
2024-06-21 11:13:43,690 INFO: address : 160.155.220.179 [in C:\Users\HP\Desktop\DOSSIER_TRAVAIL\PROJETS\S2Q\speaker\app\app.py:55]
2024-06-21 11:13:43,691 INFO: pathRacine : C:/xampp/htdocs [in C:\Users\HP\Desktop\DOSSIER_TRAVAIL\PROJETS\S2Q\speaker\app\app.py:56]
2024-06-21 11:13:43,692 INFO: c.address : 160.155.220.179 [in C:\Users\HP\Desktop\DOSSIER_TRAVAIL\PROJETS\S2Q\speaker\app\app.py:57]
2024-06-21 11:13:43,692 INFO: c.PATH_FOLDER : C:/xampp/htdocs/AUDIO/07112023ffccccc [in C:\Users\HP\Desktop\DOSSIER_TRAVAIL\PROJETS\S2Q\speaker\app\app.py:58]
2024-06-21 11:13:50,105 ERROR: Une erreur s'est produite, veuillez contacter l'administrateur! 
cannot unpack non-iterable NoneType object [in C:\Users\HP\Desktop\DOSSIER_TRAVAIL\PROJETS\S2Q\speaker\app\app.py:76]
2024-06-21 14:21:56,224 INFO: Fonction de la conversion du texte en vocale [in C:\Users\HP\Desktop\DOSSIER_TRAVAIL\PROJETS\S2Q\speaker\app\app.py:50]
2024-06-21 14:21:56,231 INFO: textFR : Ticket numero 900222 veuillez vous rendre au guichet numero 900222 [in C:\Users\HP\Desktop\DOSSIER_TRAVAIL\PROJETS\S2Q\speaker\app\app.py:51]
2024-06-21 14:21:56,232 INFO: textEN :  [in C:\Users\HP\Desktop\DOSSIER_TRAVAIL\PROJETS\S2Q\speaker\app\app.py:52]
2024-06-21 14:21:56,233 INFO: TicketNum : 900222 [in C:\Users\HP\Desktop\DOSSIER_TRAVAIL\PROJETS\S2Q\speaker\app\app.py:53]
2024-06-21 14:21:56,233 INFO: path : AUDIO/07112023ffccccc [in C:\Users\HP\Desktop\DOSSIER_TRAVAIL\PROJETS\S2Q\speaker\app\app.py:54]
2024-06-21 14:21:56,234 INFO: address : 160.155.220.179 [in C:\Users\HP\Desktop\DOSSIER_TRAVAIL\PROJETS\S2Q\speaker\app\app.py:55]
2024-06-21 14:21:56,234 INFO: pathRacine : C:/xampp/htdocs [in C:\Users\HP\Desktop\DOSSIER_TRAVAIL\PROJETS\S2Q\speaker\app\app.py:56]
2024-06-21 14:21:56,235 INFO: c.address : 160.155.220.179 [in C:\Users\HP\Desktop\DOSSIER_TRAVAIL\PROJETS\S2Q\speaker\app\app.py:57]
2024-06-21 14:21:56,235 INFO: c.PATH_FOLDER : C:/xampp/htdocs/AUDIO/07112023ffccccc [in C:\Users\HP\Desktop\DOSSIER_TRAVAIL\PROJETS\S2Q\speaker\app\app.py:58]
2024-06-21 14:22:02,131 ERROR: Une erreur s'est produite, veuillez contacter l'administrateur! 
cannot unpack non-iterable NoneType object [in C:\Users\HP\Desktop\DOSSIER_TRAVAIL\PROJETS\S2Q\speaker\app\app.py:76]
2024-06-21 14:22:22,192 INFO: Fonction de la conversion du texte en vocale [in C:\Users\HP\Desktop\DOSSIER_TRAVAIL\PROJETS\S2Q\speaker\app\app.py:50]
2024-06-21 14:22:22,193 INFO: textFR : Ticket numero 900222 veuillez vous rendre au guichet numero 900222 [in C:\Users\HP\Desktop\DOSSIER_TRAVAIL\PROJETS\S2Q\speaker\app\app.py:51]
2024-06-21 14:22:22,193 INFO: textEN :  [in C:\Users\HP\Desktop\DOSSIER_TRAVAIL\PROJETS\S2Q\speaker\app\app.py:52]
2024-06-21 14:22:22,193 INFO: TicketNum : 900222 [in C:\Users\HP\Desktop\DOSSIER_TRAVAIL\PROJETS\S2Q\speaker\app\app.py:53]
2024-06-21 14:22:22,194 INFO: path : AUDIO/07112023ffccccc [in C:\Users\HP\Desktop\DOSSIER_TRAVAIL\PROJETS\S2Q\speaker\app\app.py:54]
2024-06-21 14:22:22,194 INFO: address : 160.155.220.179 [in C:\Users\HP\Desktop\DOSSIER_TRAVAIL\PROJETS\S2Q\speaker\app\app.py:55]
2024-06-21 14:22:22,195 INFO: pathRacine : C:/xampp/htdocs [in C:\Users\HP\Desktop\DOSSIER_TRAVAIL\PROJETS\S2Q\speaker\app\app.py:56]
2024-06-21 14:22:22,195 INFO: c.address : 160.155.220.179 [in C:\Users\HP\Desktop\DOSSIER_TRAVAIL\PROJETS\S2Q\speaker\app\app.py:57]
2024-06-21 14:22:22,196 INFO: c.PATH_FOLDER : C:/xampp/htdocs/AUDIO/07112023ffccccc [in C:\Users\HP\Desktop\DOSSIER_TRAVAIL\PROJETS\S2Q\speaker\app\app.py:58]
2024-06-21 14:22:28,629 ERROR: Une erreur s'est produite, veuillez contacter l'administrateur! 
cannot unpack non-iterable NoneType object [in C:\Users\HP\Desktop\DOSSIER_TRAVAIL\PROJETS\S2Q\speaker\app\app.py:76]
2024-06-21 14:23:46,662 INFO: Fonction de la conversion du texte en vocale [in C:\Users\HP\Desktop\DOSSIER_TRAVAIL\PROJETS\S2Q\speaker\app\app.py:50]
2024-06-21 14:23:46,662 INFO: textFR : Ticket numero 900222 veuillez vous rendre au guichet numero 900222 [in C:\Users\HP\Desktop\DOSSIER_TRAVAIL\PROJETS\S2Q\speaker\app\app.py:51]
2024-06-21 14:23:46,663 INFO: textEN :  [in C:\Users\HP\Desktop\DOSSIER_TRAVAIL\PROJETS\S2Q\speaker\app\app.py:52]
2024-06-21 14:23:46,663 INFO: TicketNum : 900222 [in C:\Users\HP\Desktop\DOSSIER_TRAVAIL\PROJETS\S2Q\speaker\app\app.py:53]
2024-06-21 14:23:46,663 INFO: path : AUDIO/07112023ffccccc [in C:\Users\HP\Desktop\DOSSIER_TRAVAIL\PROJETS\S2Q\speaker\app\app.py:54]
2024-06-21 14:23:46,664 INFO: address : 160.155.220.179 [in C:\Users\HP\Desktop\DOSSIER_TRAVAIL\PROJETS\S2Q\speaker\app\app.py:55]
2024-06-21 14:23:46,664 INFO: pathRacine : C:/xampp/htdocs [in C:\Users\HP\Desktop\DOSSIER_TRAVAIL\PROJETS\S2Q\speaker\app\app.py:56]
2024-06-21 14:23:46,665 INFO: c.address : 160.155.220.179 [in C:\Users\HP\Desktop\DOSSIER_TRAVAIL\PROJETS\S2Q\speaker\app\app.py:57]
2024-06-21 14:23:46,665 INFO: c.PATH_FOLDER : C:/xampp/htdocs/AUDIO/07112023ffccccc [in C:\Users\HP\Desktop\DOSSIER_TRAVAIL\PROJETS\S2Q\speaker\app\app.py:58]
2024-06-21 14:23:53,136 ERROR: Une erreur s'est produite, veuillez contacter l'administrateur! 
a bytes-like object is required, not 'NoneType' [in C:\Users\HP\Desktop\DOSSIER_TRAVAIL\PROJETS\S2Q\speaker\app\app.py:76]
2024-06-21 14:26:11,525 INFO: Fonction de la conversion du texte en vocale [in C:\Users\HP\Desktop\DOSSIER_TRAVAIL\PROJETS\S2Q\speaker\app\app.py:50]
2024-06-21 14:26:11,525 INFO: textFR : Ticket numero 900222 veuillez vous rendre au guichet numero 900222 [in C:\Users\HP\Desktop\DOSSIER_TRAVAIL\PROJETS\S2Q\speaker\app\app.py:51]
2024-06-21 14:26:11,526 INFO: textEN :  [in C:\Users\HP\Desktop\DOSSIER_TRAVAIL\PROJETS\S2Q\speaker\app\app.py:52]
2024-06-21 14:26:11,527 INFO: TicketNum : 900222 [in C:\Users\HP\Desktop\DOSSIER_TRAVAIL\PROJETS\S2Q\speaker\app\app.py:53]
2024-06-21 14:26:11,527 INFO: path : AUDIO/07112023ffccccc [in C:\Users\HP\Desktop\DOSSIER_TRAVAIL\PROJETS\S2Q\speaker\app\app.py:54]
2024-06-21 14:26:11,527 INFO: address : 160.155.220.179 [in C:\Users\HP\Desktop\DOSSIER_TRAVAIL\PROJETS\S2Q\speaker\app\app.py:55]
2024-06-21 14:26:11,528 INFO: pathRacine : C:/xampp/htdocs [in C:\Users\HP\Desktop\DOSSIER_TRAVAIL\PROJETS\S2Q\speaker\app\app.py:56]
2024-06-21 14:26:11,528 INFO: c.address : 160.155.220.179 [in C:\Users\HP\Desktop\DOSSIER_TRAVAIL\PROJETS\S2Q\speaker\app\app.py:57]
2024-06-21 14:26:11,528 INFO: c.PATH_FOLDER : C:/xampp/htdocs/AUDIO/07112023ffccccc [in C:\Users\HP\Desktop\DOSSIER_TRAVAIL\PROJETS\S2Q\speaker\app\app.py:58]
2024-06-21 14:26:11,528 ERROR: Une erreur s'est produite, veuillez contacter l'administrateur! 
generateAudio() takes 3 positional arguments but 4 were given [in C:\Users\HP\Desktop\DOSSIER_TRAVAIL\PROJETS\S2Q\speaker\app\app.py:76]
2024-06-21 14:26:47,196 INFO: Fonction de la conversion du texte en vocale [in C:\Users\HP\Desktop\DOSSIER_TRAVAIL\PROJETS\S2Q\speaker\app\app.py:50]
2024-06-21 14:26:47,197 INFO: textFR : Ticket numero 900222 veuillez vous rendre au guichet numero 900222 [in C:\Users\HP\Desktop\DOSSIER_TRAVAIL\PROJETS\S2Q\speaker\app\app.py:51]
2024-06-21 14:26:47,197 INFO: textEN :  [in C:\Users\HP\Desktop\DOSSIER_TRAVAIL\PROJETS\S2Q\speaker\app\app.py:52]
2024-06-21 14:26:47,198 INFO: TicketNum : 900222 [in C:\Users\HP\Desktop\DOSSIER_TRAVAIL\PROJETS\S2Q\speaker\app\app.py:53]
2024-06-21 14:26:47,198 INFO: path : AUDIO/07112023ffccccc [in C:\Users\HP\Desktop\DOSSIER_TRAVAIL\PROJETS\S2Q\speaker\app\app.py:54]
2024-06-21 14:26:47,199 INFO: address : 160.155.220.179 [in C:\Users\HP\Desktop\DOSSIER_TRAVAIL\PROJETS\S2Q\speaker\app\app.py:55]
2024-06-21 14:26:47,199 INFO: pathRacine : C:/xampp/htdocs [in C:\Users\HP\Desktop\DOSSIER_TRAVAIL\PROJETS\S2Q\speaker\app\app.py:56]
2024-06-21 14:26:47,200 INFO: c.address : 160.155.220.179 [in C:\Users\HP\Desktop\DOSSIER_TRAVAIL\PROJETS\S2Q\speaker\app\app.py:57]
2024-06-21 14:26:47,200 INFO: c.PATH_FOLDER : C:/xampp/htdocs/AUDIO/07112023ffccccc [in C:\Users\HP\Desktop\DOSSIER_TRAVAIL\PROJETS\S2Q\speaker\app\app.py:58]
2024-06-21 14:26:47,500 INFO: Succès de la conversion du texte en voie [in C:\Users\HP\Desktop\DOSSIER_TRAVAIL\PROJETS\S2Q\speaker\app\app.py:83]
2024-06-21 14:27:06,267 INFO: Fonction de la conversion du texte en vocale [in C:\Users\HP\Desktop\DOSSIER_TRAVAIL\PROJETS\S2Q\speaker\app\app.py:50]
2024-06-21 14:27:06,268 INFO: textFR : Ticket numero 900222 veuillez vous rendre au guichet numero 900222 [in C:\Users\HP\Desktop\DOSSIER_TRAVAIL\PROJETS\S2Q\speaker\app\app.py:51]
2024-06-21 14:27:06,269 INFO: textEN :  [in C:\Users\HP\Desktop\DOSSIER_TRAVAIL\PROJETS\S2Q\speaker\app\app.py:52]
2024-06-21 14:27:06,269 INFO: TicketNum : 900222 [in C:\Users\HP\Desktop\DOSSIER_TRAVAIL\PROJETS\S2Q\speaker\app\app.py:53]
2024-06-21 14:27:06,270 INFO: path : AUDIO/07112023ffccccc [in C:\Users\HP\Desktop\DOSSIER_TRAVAIL\PROJETS\S2Q\speaker\app\app.py:54]
2024-06-21 14:27:06,271 INFO: address : 160.155.220.179 [in C:\Users\HP\Desktop\DOSSIER_TRAVAIL\PROJETS\S2Q\speaker\app\app.py:55]
2024-06-21 14:27:06,272 INFO: pathRacine : C:/xampp/htdocs [in C:\Users\HP\Desktop\DOSSIER_TRAVAIL\PROJETS\S2Q\speaker\app\app.py:56]
2024-06-21 14:27:06,273 INFO: c.address : 160.155.220.179 [in C:\Users\HP\Desktop\DOSSIER_TRAVAIL\PROJETS\S2Q\speaker\app\app.py:57]
2024-06-21 14:27:06,273 INFO: c.PATH_FOLDER : C:/xampp/htdocs/AUDIO/07112023ffccccc [in C:\Users\HP\Desktop\DOSSIER_TRAVAIL\PROJETS\S2Q\speaker\app\app.py:58]
2024-06-21 14:27:06,400 INFO: Succès de la conversion du texte en voie [in C:\Users\HP\Desktop\DOSSIER_TRAVAIL\PROJETS\S2Q\speaker\app\app.py:83]
